<?xml version="1.0" encoding="UTF-8"?>
<!-- Generated by org.testng.reporters.JUnitReportReporter -->
<testsuite hostname="LAPTOP-6O3L5QGL" failures="0" tests="1" name="driverFactory.AppTest1" time="38.516" errors="0" timestamp="2024-04-27T19:27:36 IST" skipped="0">
  <testcase classname="driverFactory.AppTest1" name="startTest" time="38.516">
    <system-out>
      <![CDATA[No of rows are::2
Supplier-00000002839       Supplier-00000002839   Supplier Number Matching
Supplier-00000002840       Supplier-00000002840   Supplier Number Matching]]>
    </system-out>
  </testcase> <!-- startTest -->
  <system-out>
    <![CDATA[No of rows are::2
Supplier-00000002839       Supplier-00000002839   Supplier Number Matching
Supplier-00000002840       Supplier-00000002840   Supplier Number Matching]]>
  </system-out>
</testsuite> <!-- driverFactory.AppTest1 -->
